Using pre-set license
Built from '2020.3/staging' branch; Version is '2020.3.21f1 (a38c86f6690f) revision 10718342'; Using compiler version '192528614'; Build Type 'Release'
OS: 'Windows 10 Home Single Language; OS build 19043.1288; Version 2009; 64bit' Language: 'en' Physical Memory: 15716 MB
BatchMode: 1, IsHumanControllingUs: 0, StartBugReporterOnCrash: 0, Is64bit: 1, IsPro: 0

COMMAND LINE ARGUMENTS:
D:\Unity\2020.3.21f1\Editor\Unity.exe
-adb2
-batchMode
-noUpm
-name
AssetImportWorker0
-projectPath
D:/projek praktikum/Level 1
-logFile
Logs/AssetImportWorker0.log
-srvPort
56698
Successfully changed project path to: D:/projek praktikum/Level 1
D:/projek praktikum/Level 1
Using Asset Import Pipeline V2.
Refreshing native plugins compatible for Editor in 35.47 ms, found 3 plugins.
Preloading 0 native plugins for Editor in 0.00 ms.
Initialize engine version: 2020.3.21f1 (a38c86f6690f)
[Subsystems] Discovering subsystems at path D:/Unity/2020.3.21f1/Editor/Data/Resources/UnitySubsystems
[Subsystems] Discovering subsystems at path D:/projek praktikum/Level 1/Assets
GfxDevice: creating device client; threaded=0
Direct3D:
    Version:  Direct3D 11.0 [level 11.1]
    Renderer: NVIDIA GeForce RTX 3060 Laptop GPU (ID=0x2520)
    Vendor:   
    VRAM:     6023 MB
    Driver:   30.0.14.9613
Initialize mono
Mono path[0] = 'D:/Unity/2020.3.21f1/Editor/Data/Managed'
Mono path[1] = 'D:/Unity/2020.3.21f1/Editor/Data/MonoBleedingEdge/lib/mono/unityjit'
Mono config path = 'D:/Unity/2020.3.21f1/Editor/Data/MonoBleedingEdge/etc'
Using monoOptions --debugger-agent=transport=dt_socket,embedding=1,server=y,suspend=n,address=127.0.0.1:56304
Begin MonoManager ReloadAssembly
Registering precompiled unity dll's ...
Register platform support module: D:/Unity/2020.3.21f1/Editor/Data/PlaybackEngines/WindowsStandaloneSupport/UnityEditor.WindowsStandalone.Extensions.dll
Registered in 0.000837 seconds.
Native extension for WindowsStandalone target not found
Refreshing native plugins compatible for Editor in 33.69 ms, found 3 plugins.
Preloading 0 native plugins for Editor in 0.00 ms.
Mono: successfully reloaded assembly
- Completed reload, in  0.678 seconds
Domain Reload Profiling:
	ReloadAssembly (679ms)
		BeginReloadAssembly (44ms)
			ExecutionOrderSort (0ms)
			DisableScriptedObjects (0ms)
			BackupInstance (0ms)
			ReleaseScriptingObjects (0ms)
			CreateAndSetChildDomain (1ms)
		EndReloadAssembly (328ms)
			LoadAssemblies (43ms)
			RebuildTransferFunctionScriptingTraits (0ms)
			SetupTypeCache (107ms)
			ReleaseScriptCaches (0ms)
			RebuildScriptCaches (22ms)
			SetupLoadedEditorAssemblies (130ms)
				LogAssemblyErrors (0ms)
				InitializePlatformSupportModulesInManaged (3ms)
				SetLoadedEditorAssemblies (0ms)
				RefreshPlugins (34ms)
				BeforeProcessingInitializeOnLoad (7ms)
				ProcessInitializeOnLoadAttributes (63ms)
				ProcessInitializeOnLoadMethodAttributes (23ms)
				AfterProcessingInitializeOnLoad (0ms)
				EditorAssembliesLoaded (0ms)
			ExecutionOrderSort2 (0ms)
			AwakeInstancesAfterBackupRestoration (0ms)
Platform modules already initialized, skipping
Registering precompiled user dll's ...
Registered in 0.002572 seconds.
Begin MonoManager ReloadAssembly
Native extension for WindowsStandalone target not found
Refreshing native plugins compatible for Editor in 33.09 ms, found 3 plugins.
Preloading 0 native plugins for Editor in 0.00 ms.
Mono: successfully reloaded assembly
- Completed reload, in  0.818 seconds
Domain Reload Profiling:
	ReloadAssembly (818ms)
		BeginReloadAssembly (107ms)
			ExecutionOrderSort (0ms)
			DisableScriptedObjects (4ms)
			BackupInstance (0ms)
			ReleaseScriptingObjects (0ms)
			CreateAndSetChildDomain (16ms)
		EndReloadAssembly (668ms)
			LoadAssemblies (69ms)
			RebuildTransferFunctionScriptingTraits (0ms)
			SetupTypeCache (216ms)
			ReleaseScriptCaches (0ms)
			RebuildScriptCaches (35ms)
			SetupLoadedEditorAssemblies (266ms)
				LogAssemblyErrors (0ms)
				InitializePlatformSupportModulesInManaged (3ms)
				SetLoadedEditorAssemblies (0ms)
				RefreshPlugins (33ms)
				BeforeProcessingInitializeOnLoad (48ms)
				ProcessInitializeOnLoadAttributes (166ms)
				ProcessInitializeOnLoadMethodAttributes (14ms)
				AfterProcessingInitializeOnLoad (2ms)
				EditorAssembliesLoaded (0ms)
			ExecutionOrderSort2 (0ms)
			AwakeInstancesAfterBackupRestoration (5ms)
Platform modules already initialized, skipping
========================================================================
Worker process is ready to serve import requests
Launched and connected shader compiler UnityShaderCompiler.exe after 0.05 seconds
Refreshing native plugins compatible for Editor in 0.82 ms, found 3 plugins.
Preloading 0 native plugins for Editor in 0.00 ms.
Unloading 2182 Unused Serialized files (Serialized files now loaded: 0)
System memory in use before: 95.4 MB.
System memory in use after: 95.5 MB.

Unloading 28 unused Assets to reduce memory usage. Loaded Objects now: 2615.
Total: 3.179900 ms (FindLiveObjects: 0.241000 ms CreateObjectMapping: 0.090200 ms MarkObjects: 2.781700 ms  DeleteObjects: 0.066000 ms)

AssetImportParameters requested are different than current active one (requested -> active):
  custom:framework-win-MediaFoundation: 216162199b28c13a410421893ffa2e32 -> 
  custom:video-decoder-ogg-theora: a1e56fd34408186e4bbccfd4996cb3dc -> 
  custom:container-muxer-webm: aa71ff27fc2769a1b78a27578f13a17b -> 
  custom:container-demuxer-webm: 4f35f7cbe854078d1ac9338744f61a02 -> 
  custom:container-demuxer-ogg: 62fdf1f143b41e24485cea50d1cbac27 -> 
  custom:video-encoder-webm-vp8: eb34c28f22e8b96e1ab97ce403110664 -> 
  custom:video-codec-MediaFoundation-h265: 746d11721c4dcdbdad8f713fa42b33f4 -> 
  custom:video-decoder-webm-vp8: 9c59270c3fd7afecdb556c50c9e8de78 -> 
  custom:audio-decoder-ogg-vorbis: bf7c407c2cedff20999df2af8eb42d56 -> 
  custom:audio-encoder-webm-vorbis: bf7c407c2cedff20999df2af8eb42d56 -> 
========================================================================
Received Import Request.
  path: Packages/com.unity.2d.animation/Editor
  artifactKey: Guid(164d22a8da00e422a93e091c7bd338df) Importer(815301076,1909f56bfc062723c751e8b465ee728b)
Start importing Packages/com.unity.2d.animation/Editor using Guid(164d22a8da00e422a93e091c7bd338df) Importer(815301076,1909f56bfc062723c751e8b465ee728b)  -> (artifact id: '7de77fe18d6c50299dafc579996d4ccf') in 0.007983 seconds 
  Import took 0.010781 seconds .

========================================================================
Received Import Request.
  Time since last request: 0.000127 seconds.
  path: Packages/com.unity.2d.animation/Editor/Unity.2D.Animation.Editor.asmdef
  artifactKey: Guid(7e93558c536f24149a3181fbe0a14523) Importer(815301076,1909f56bfc062723c751e8b465ee728b)
Start importing Packages/com.unity.2d.animation/Editor/Unity.2D.Animation.Editor.asmdef using Guid(7e93558c536f24149a3181fbe0a14523) Importer(815301076,1909f56bfc062723c751e8b465ee728b)  -> (artifact id: '226ae3b09d92cf2d26621cb9119ab407') in 0.018495 seconds 
  Import took 0.021430 seconds .

========================================================================
Received Import Request.
  Time since last request: 0.000147 seconds.
  path: Packages/com.unity.2d.animation
  artifactKey: Guid(bb5c94055a953b6081dfc49350569eb1) Importer(815301076,1909f56bfc062723c751e8b465ee728b)
Start importing Packages/com.unity.2d.animation using Guid(bb5c94055a953b6081dfc49350569eb1) Importer(815301076,1909f56bfc062723c751e8b465ee728b)  -> (artifact id: '09fa518512abe465e781a54efa05d46a') in 0.004707 seconds 
  Import took 0.007506 seconds .

========================================================================
Received Import Request.
  Time since last request: 0.000138 seconds.
  path: Packages/com.unity.2d.animation/package.json
  artifactKey: Guid(9e83c20a8293f44ec8a375d3805f477d) Importer(815301076,1909f56bfc062723c751e8b465ee728b)
Start importing Packages/com.unity.2d.animation/package.json using Guid(9e83c20a8293f44ec8a375d3805f477d) Importer(815301076,1909f56bfc062723c751e8b465ee728b)  -> (artifact id: 'd2e7fea10babd162f0d361f0682b74bc') in 0.017642 seconds 
  Import took 0.020631 seconds .

========================================================================
Received Import Request.
  Time since last request: 50.327194 seconds.
  path: Assets/azka/BG.png
  artifactKey: Guid(2bfffdc00d843b345b451d59ad517e8a) Importer(815301076,1909f56bfc062723c751e8b465ee728b)
Start importing Assets/azka/BG.png using Guid(2bfffdc00d843b345b451d59ad517e8a) Importer(815301076,1909f56bfc062723c751e8b465ee728b)  -> (artifact id: '1845a272a5bf1127e071cdb1563811f7') in 0.062687 seconds 
  Import took 0.065890 seconds .

========================================================================
Received Import Request.
  Time since last request: 0.000131 seconds.
  path: Assets/azka/bola duri.png
  artifactKey: Guid(18b6990dbe98f5b478771f83c5117340) Importer(815301076,1909f56bfc062723c751e8b465ee728b)
Start importing Assets/azka/bola duri.png using Guid(18b6990dbe98f5b478771f83c5117340) Importer(815301076,1909f56bfc062723c751e8b465ee728b)  -> (artifact id: '0f38a938e8d635229ad3fe2e5302c15c') in 0.014295 seconds 
  Import took 0.016984 seconds .

========================================================================
Received Import Request.
  Time since last request: 0.000140 seconds.
  path: Assets/azka/Matahari.png
  artifactKey: Guid(b4fba353ae3d4794f9182cf63c71b5ef) Importer(815301076,1909f56bfc062723c751e8b465ee728b)
Start importing Assets/azka/Matahari.png using Guid(b4fba353ae3d4794f9182cf63c71b5ef) Importer(815301076,1909f56bfc062723c751e8b465ee728b)  -> (artifact id: '8a91804b7fe35b70a8b3a0a5a985d802') in 0.012751 seconds 
  Import took 0.015712 seconds .

========================================================================
Received Import Request.
  Time since last request: 0.000133 seconds.
  path: Assets/azka/Duri.png
  artifactKey: Guid(cdd6ff2779b2ab347b306e5db138451c) Importer(815301076,1909f56bfc062723c751e8b465ee728b)
Start importing Assets/azka/Duri.png using Guid(cdd6ff2779b2ab347b306e5db138451c) Importer(815301076,1909f56bfc062723c751e8b465ee728b)  -> (artifact id: '632202ea90167a70c42d6f9aedfd386e') in 0.012388 seconds 
  Import took 0.015227 seconds .

========================================================================
Received Import Request.
  Time since last request: 0.000157 seconds.
  path: Assets/azka/Tumpukan Ikan.png
  artifactKey: Guid(ef77c3e424d4150469cd48f9c6502b19) Importer(815301076,1909f56bfc062723c751e8b465ee728b)
Start importing Assets/azka/Tumpukan Ikan.png using Guid(ef77c3e424d4150469cd48f9c6502b19) Importer(815301076,1909f56bfc062723c751e8b465ee728b)  -> (artifact id: 'f75184221709eb03d00d7296f0dc6a59') in 0.013268 seconds 
  Import took 0.016292 seconds .

========================================================================
Received Import Request.
  Time since last request: 0.000136 seconds.
  path: Assets/azka/RED Cat.png
  artifactKey: Guid(eb039e854e7f64841a7a5b012e88fc1c) Importer(815301076,1909f56bfc062723c751e8b465ee728b)
Start importing Assets/azka/RED Cat.png using Guid(eb039e854e7f64841a7a5b012e88fc1c) Importer(815301076,1909f56bfc062723c751e8b465ee728b)  -> (artifact id: 'c690e88a033b9afca918379c9f26175e') in 0.013759 seconds 
  Import took 0.016484 seconds .

========================================================================
Received Import Request.
  Time since last request: 0.000151 seconds.
  path: Assets/azka/Ikan.png
  artifactKey: Guid(8cc02735c19911e40b9b6b54ff813545) Importer(815301076,1909f56bfc062723c751e8b465ee728b)
Start importing Assets/azka/Ikan.png using Guid(8cc02735c19911e40b9b6b54ff813545) Importer(815301076,1909f56bfc062723c751e8b465ee728b)  -> (artifact id: '69477c2e79bca2581ae4f5e89b78a1f4') in 0.013594 seconds 
  Import took 0.016653 seconds .

========================================================================
Received Import Request.
  Time since last request: 491.650129 seconds.
  path: Assets/Asset/Asset
  artifactKey: Guid(9df69f9eb3157884ea9a87d6e9104263) Importer(815301076,1909f56bfc062723c751e8b465ee728b)
Start importing Assets/Asset/Asset using Guid(9df69f9eb3157884ea9a87d6e9104263) Importer(815301076,1909f56bfc062723c751e8b465ee728b)  -> (artifact id: 'd95b8b016c00ebce375aae8be05edb32') in 0.005096 seconds 
  Import took 0.008744 seconds .

========================================================================
Received Import Request.
  Time since last request: 0.063192 seconds.
  path: Assets/Asset/Asset/WhatsApp Image 2021-10-23 at 2.56.39 PM.jpeg
  artifactKey: Guid(6cf775cc78a3c1b4a85dd8956333cb15) Importer(815301076,1909f56bfc062723c751e8b465ee728b)
Start importing Assets/Asset/Asset/WhatsApp Image 2021-10-23 at 2.56.39 PM.jpeg using Guid(6cf775cc78a3c1b4a85dd8956333cb15) Importer(815301076,1909f56bfc062723c751e8b465ee728b)  -> (artifact id: '27e15f550e2b2052217178f875806655') in 0.014480 seconds 
  Import took 0.017746 seconds .

========================================================================
Received Import Request.
  Time since last request: 1.617847 seconds.
  path: Assets/Asset/Asset/dll
  artifactKey: Guid(2023ff61720ae1045b182890ce2bb648) Importer(815301076,1909f56bfc062723c751e8b465ee728b)
Start importing Assets/Asset/Asset/dll using Guid(2023ff61720ae1045b182890ce2bb648) Importer(815301076,1909f56bfc062723c751e8b465ee728b)  -> (artifact id: '65eb08da269bf31d14012193af4e557a') in 0.005422 seconds 
  Import took 0.008715 seconds .

========================================================================
Received Import Request.
  Time since last request: 0.055096 seconds.
  path: Assets/Asset/Asset/dll/1.png
  artifactKey: Guid(0b800e0c43ac15a41858aa1d333b8132) Importer(815301076,1909f56bfc062723c751e8b465ee728b)
Start importing Assets/Asset/Asset/dll/1.png using Guid(0b800e0c43ac15a41858aa1d333b8132) Importer(815301076,1909f56bfc062723c751e8b465ee728b)  -> (artifact id: 'dcf4c04de4922af39c1e6ec0422aa096') in 0.011193 seconds 
  Import took 0.014556 seconds .

========================================================================
Received Import Request.
  Time since last request: 0.000135 seconds.
  path: Assets/Asset/Asset/dll/BG.png
  artifactKey: Guid(25c08e30d12c2584f9f74ab251559813) Importer(815301076,1909f56bfc062723c751e8b465ee728b)
Start importing Assets/Asset/Asset/dll/BG.png using Guid(25c08e30d12c2584f9f74ab251559813) Importer(815301076,1909f56bfc062723c751e8b465ee728b)  -> (artifact id: '672f24f5fe25d0fc5d443378fb70996c') in 0.016368 seconds 
  Import took 0.019132 seconds .

========================================================================
Received Import Request.
  Time since last request: 0.000153 seconds.
  path: Assets/Asset/Asset/dll/Ikan.png
  artifactKey: Guid(fe40a90e8946d4d4fa112bef162814ae) Importer(815301076,1909f56bfc062723c751e8b465ee728b)
Start importing Assets/Asset/Asset/dll/Ikan.png using Guid(fe40a90e8946d4d4fa112bef162814ae) Importer(815301076,1909f56bfc062723c751e8b465ee728b)  -> (artifact id: '7ec137a9f54d99853e06c6c30e89a9ae') in 0.010618 seconds 
  Import took 0.013433 seconds .

========================================================================
Received Import Request.
  Time since last request: 0.000258 seconds.
  path: Assets/Asset/Asset/dll/Sarden.png
  artifactKey: Guid(e2c8c57e7454e1a4a8360803e6a03624) Importer(815301076,1909f56bfc062723c751e8b465ee728b)
Start importing Assets/Asset/Asset/dll/Sarden.png using Guid(e2c8c57e7454e1a4a8360803e6a03624) Importer(815301076,1909f56bfc062723c751e8b465ee728b)  -> (artifact id: '6e6abbf5994488794f9dcc55c1cee0d7') in 0.013782 seconds 
  Import took 0.016767 seconds .

========================================================================
Received Import Request.
  Time since last request: 0.000145 seconds.
  path: Assets/Asset/Asset/dll/Duri.png
  artifactKey: Guid(62393940dff23264c8f37260c14b3b24) Importer(815301076,1909f56bfc062723c751e8b465ee728b)
Start importing Assets/Asset/Asset/dll/Duri.png using Guid(62393940dff23264c8f37260c14b3b24) Importer(815301076,1909f56bfc062723c751e8b465ee728b)  -> (artifact id: '141ee202be315d5f6d8942f9cdad2d7f') in 0.012016 seconds 
  Import took 0.014858 seconds .

========================================================================
Received Import Request.
  Time since last request: 0.000144 seconds.
  path: Assets/Asset/Asset/dll/Matahari.png
  artifactKey: Guid(fd72ad46e0946e442a7157264bb66b0b) Importer(815301076,1909f56bfc062723c751e8b465ee728b)
Start importing Assets/Asset/Asset/dll/Matahari.png using Guid(fd72ad46e0946e442a7157264bb66b0b) Importer(815301076,1909f56bfc062723c751e8b465ee728b)  -> (artifact id: '16793baed6b3ba491b0c77fcc3958c91') in 0.013865 seconds 
  Import took 0.016920 seconds .

========================================================================
Received Import Request.
  Time since last request: 0.000121 seconds.
  path: Assets/Asset/Asset/dll/Tumpukan Ikan.png
  artifactKey: Guid(41cd0b0dae09e284595677b4ceaf0787) Importer(815301076,1909f56bfc062723c751e8b465ee728b)
Start importing Assets/Asset/Asset/dll/Tumpukan Ikan.png using Guid(41cd0b0dae09e284595677b4ceaf0787) Importer(815301076,1909f56bfc062723c751e8b465ee728b)  -> (artifact id: 'e95af2d5470c336b1638bf48cfcb6bb0') in 0.014311 seconds 
  Import took 0.017044 seconds .

========================================================================
Received Import Request.
  Time since last request: 138.509502 seconds.
  path: Assets/Background dan level
  artifactKey: Guid(b5806dd1ef421334fb51ad6d6c5dd7bf) Importer(815301076,1909f56bfc062723c751e8b465ee728b)
Start importing Assets/Background dan level using Guid(b5806dd1ef421334fb51ad6d6c5dd7bf) Importer(815301076,1909f56bfc062723c751e8b465ee728b)  -> (artifact id: 'b3292423406262b8ab4f79ad012c5a40') in 0.005240 seconds 
  Import took 0.008974 seconds .

========================================================================
Received Import Request.
  Time since last request: 0.112462 seconds.
  path: Assets/Background dan level/4_3.png
  artifactKey: Guid(49a6a56e12bb9c54b858385ace25854e) Importer(815301076,1909f56bfc062723c751e8b465ee728b)
Start importing Assets/Background dan level/4_3.png using Guid(49a6a56e12bb9c54b858385ace25854e) Importer(815301076,1909f56bfc062723c751e8b465ee728b)  -> (artifact id: '269ddee6ce90d2c56da4ddbe801b2156') in 0.014437 seconds 
  Import took 0.017837 seconds .

========================================================================
Received Import Request.
  Time since last request: 0.000151 seconds.
  path: Assets/Background dan level/plants.png
  artifactKey: Guid(690e6a6b4a3977e40a242f1a75b0652b) Importer(815301076,1909f56bfc062723c751e8b465ee728b)
Start importing Assets/Background dan level/plants.png using Guid(690e6a6b4a3977e40a242f1a75b0652b) Importer(815301076,1909f56bfc062723c751e8b465ee728b)  -> (artifact id: 'da85da50c6f4e97c1982b9125a1bcd38') in 0.009806 seconds 
  Import took 0.012838 seconds .

========================================================================
Received Import Request.
  Time since last request: 0.000153 seconds.
  path: Assets/Background dan level/deadguy.png
  artifactKey: Guid(a2d9c2df1c7e77047acac7cd4b2b436b) Importer(815301076,1909f56bfc062723c751e8b465ee728b)
Start importing Assets/Background dan level/deadguy.png using Guid(a2d9c2df1c7e77047acac7cd4b2b436b) Importer(815301076,1909f56bfc062723c751e8b465ee728b)  -> (artifact id: 'bc075d00a5d69f0c150b98a2c14bc2f5') in 0.011467 seconds 
  Import took 0.014801 seconds .

========================================================================
Received Import Request.
  Time since last request: 0.000154 seconds.
  path: Assets/Background dan level/greenguy.png
  artifactKey: Guid(73f964a8cf654ee47af2e57da56de86b) Importer(815301076,1909f56bfc062723c751e8b465ee728b)
Start importing Assets/Background dan level/greenguy.png using Guid(73f964a8cf654ee47af2e57da56de86b) Importer(815301076,1909f56bfc062723c751e8b465ee728b)  -> (artifact id: '89fba4f4fe5f3e99eb85c7da4e0fd40c') in 0.013607 seconds 
  Import took 0.016533 seconds .

========================================================================
Received Import Request.
  Time since last request: 0.000160 seconds.
  path: Assets/Background dan level/earth.png
  artifactKey: Guid(73acdfaebfc26ff469f35d8911403bc5) Importer(815301076,1909f56bfc062723c751e8b465ee728b)
Start importing Assets/Background dan level/earth.png using Guid(73acdfaebfc26ff469f35d8911403bc5) Importer(815301076,1909f56bfc062723c751e8b465ee728b)  -> (artifact id: 'e847a2c056fc9468a779b964f1cb4352') in 0.010020 seconds 
  Import took 0.013071 seconds .

========================================================================
Received Import Request.
  Time since last request: 0.000143 seconds.
  path: Assets/Background dan level/grass.png
  artifactKey: Guid(fb3ba8591273d5e4abda68ab6d83fc79) Importer(815301076,1909f56bfc062723c751e8b465ee728b)
Start importing Assets/Background dan level/grass.png using Guid(fb3ba8591273d5e4abda68ab6d83fc79) Importer(815301076,1909f56bfc062723c751e8b465ee728b)  -> (artifact id: '97c6b5b346f22027b75d9b0e3610cdf6') in 0.009953 seconds 
  Import took 0.012873 seconds .

========================================================================
Received Import Request.
  Time since last request: 0.000147 seconds.
  path: Assets/Background dan level/WhatsApp Image 2021-10-08 at 6.26.11 PM.jpeg
  artifactKey: Guid(c632b7ea1bc842540acfed6a20cababb) Importer(815301076,1909f56bfc062723c751e8b465ee728b)
Start importing Assets/Background dan level/WhatsApp Image 2021-10-08 at 6.26.11 PM.jpeg using Guid(c632b7ea1bc842540acfed6a20cababb) Importer(815301076,1909f56bfc062723c751e8b465ee728b)  -> (artifact id: '5f85b48cece77a55d2bf00e5640db807') in 0.020671 seconds 
  Import took 0.023508 seconds .

========================================================================
Received Import Request.
  Time since last request: 0.000137 seconds.
  path: Assets/Background dan level/blueguy.png
  artifactKey: Guid(e415d94c3106889499434a3cd947461a) Importer(815301076,1909f56bfc062723c751e8b465ee728b)
Start importing Assets/Background dan level/blueguy.png using Guid(e415d94c3106889499434a3cd947461a) Importer(815301076,1909f56bfc062723c751e8b465ee728b)  -> (artifact id: '0bf5f91e66f076aa49da80fa5b055796') in 0.018262 seconds 
  Import took 0.020974 seconds .

========================================================================
Received Import Request.
  Time since last request: 0.000127 seconds.
  path: Assets/Background dan level/Cloud.png
  artifactKey: Guid(17bf4c7132080b34292e28f50304fdaa) Importer(815301076,1909f56bfc062723c751e8b465ee728b)
Start importing Assets/Background dan level/Cloud.png using Guid(17bf4c7132080b34292e28f50304fdaa) Importer(815301076,1909f56bfc062723c751e8b465ee728b)  -> (artifact id: '2a8aca57de7baf4caecad44396fa9ac3') in 0.010644 seconds 
  Import took 0.013385 seconds .

========================================================================
Received Import Request.
  Time since last request: 0.000146 seconds.
  path: Assets/Background dan level/platformertiles.png
  artifactKey: Guid(d1f0045398eccf440b19e497f7d79d1d) Importer(815301076,1909f56bfc062723c751e8b465ee728b)
Start importing Assets/Background dan level/platformertiles.png using Guid(d1f0045398eccf440b19e497f7d79d1d) Importer(815301076,1909f56bfc062723c751e8b465ee728b)  -> (artifact id: '653a8815845a1d92ee8ff11e635c0f93') in 0.018474 seconds 
  Import took 0.021440 seconds .

========================================================================
Received Import Request.
  Time since last request: 0.000143 seconds.
  path: Assets/Background dan level/stone.png
  artifactKey: Guid(fe846a25b5f0aff409b60b20b27cdff0) Importer(815301076,1909f56bfc062723c751e8b465ee728b)
Start importing Assets/Background dan level/stone.png using Guid(fe846a25b5f0aff409b60b20b27cdff0) Importer(815301076,1909f56bfc062723c751e8b465ee728b)  -> (artifact id: '1e0cedd6623619379f5b4a23b2d61784') in 0.018773 seconds 
  Import took 0.021576 seconds .

========================================================================
Received Import Request.
  Time since last request: 0.000128 seconds.
  path: Assets/Background dan level/block.png
  artifactKey: Guid(8af7cabda460b18489bc57f8c16a8a12) Importer(815301076,1909f56bfc062723c751e8b465ee728b)
Start importing Assets/Background dan level/block.png using Guid(8af7cabda460b18489bc57f8c16a8a12) Importer(815301076,1909f56bfc062723c751e8b465ee728b)  -> (artifact id: 'f59a729dae7b986aa0b6d6fc308cb0e2') in 0.018175 seconds 
  Import took 0.020952 seconds .

========================================================================
Received Import Request.
  Time since last request: 326.916905 seconds.
  path: Assets/Asset
  artifactKey: Guid(437ce0e12abc8de48a7b84c1d0f062a6) Importer(815301076,1909f56bfc062723c751e8b465ee728b)
Start importing Assets/Asset using Guid(437ce0e12abc8de48a7b84c1d0f062a6) Importer(815301076,1909f56bfc062723c751e8b465ee728b)  -> (artifact id: 'f2f340c254fcdb2c9ac38626a8ce4b08') in 0.001445 seconds 
  Import took 0.004883 seconds .

========================================================================
Received Import Request.
  Time since last request: 6409.249015 seconds.
  path: Assets/Asset/Asset/Jalan
  artifactKey: Guid(e6136d722ca2d584f82678528385f4d2) Importer(815301076,1909f56bfc062723c751e8b465ee728b)
Start importing Assets/Asset/Asset/Jalan using Guid(e6136d722ca2d584f82678528385f4d2) Importer(815301076,1909f56bfc062723c751e8b465ee728b)  -> (artifact id: '1d28c41867121ca6a42649c825aa61a7') in 0.006064 seconds 
  Import took 0.045150 seconds .

========================================================================
Received Import Request.
  Time since last request: 0.018029 seconds.
  path: Assets/Asset/Asset/Jalan/1.png
  artifactKey: Guid(16218fba97508144ea730c0466ecbf55) Importer(815301076,1909f56bfc062723c751e8b465ee728b)
Start importing Assets/Asset/Asset/Jalan/1.png using Guid(16218fba97508144ea730c0466ecbf55) Importer(815301076,1909f56bfc062723c751e8b465ee728b)  -> (artifact id: '8549e9c85d9686b86c533d34bccd22ef') in 0.053832 seconds 
  Import took 0.056928 seconds .

========================================================================
Received Import Request.
  Time since last request: 0.000142 seconds.
  path: Assets/Asset/Asset/Jalan/2.png
  artifactKey: Guid(d0cdaf2615a944d429c68c654b51fe06) Importer(815301076,1909f56bfc062723c751e8b465ee728b)
Start importing Assets/Asset/Asset/Jalan/2.png using Guid(d0cdaf2615a944d429c68c654b51fe06) Importer(815301076,1909f56bfc062723c751e8b465ee728b)  -> (artifact id: 'af5d8e50acd71edd8e133c45a9dbf6f8') in 0.018290 seconds 
  Import took 0.021325 seconds .

========================================================================
Received Import Request.
  Time since last request: 0.000153 seconds.
  path: Assets/Asset/Asset/Jalan/3.png
  artifactKey: Guid(48379c5c18dee3a44b1222dab74452ad) Importer(815301076,1909f56bfc062723c751e8b465ee728b)
Start importing Assets/Asset/Asset/Jalan/3.png using Guid(48379c5c18dee3a44b1222dab74452ad) Importer(815301076,1909f56bfc062723c751e8b465ee728b)  -> (artifact id: '42d3f53b2e018b70f9d0c93897991374') in 0.013615 seconds 
  Import took 0.016697 seconds .

========================================================================
Received Prepare
Registering precompiled user dll's ...
Registered in 0.002948 seconds.
Begin MonoManager ReloadAssembly
Native extension for WindowsStandalone target not found
Refreshing native plugins compatible for Editor in 0.51 ms, found 3 plugins.
Preloading 0 native plugins for Editor in 0.00 ms.
Mono: successfully reloaded assembly
- Completed reload, in  0.835 seconds
Domain Reload Profiling:
	ReloadAssembly (836ms)
		BeginReloadAssembly (146ms)
			ExecutionOrderSort (0ms)
			DisableScriptedObjects (12ms)
			BackupInstance (0ms)
			ReleaseScriptingObjects (0ms)
			CreateAndSetChildDomain (55ms)
		EndReloadAssembly (643ms)
			LoadAssemblies (83ms)
			RebuildTransferFunctionScriptingTraits (0ms)
			SetupTypeCache (231ms)
			ReleaseScriptCaches (1ms)
			RebuildScriptCaches (31ms)
			SetupLoadedEditorAssemblies (229ms)
				LogAssemblyErrors (0ms)
				InitializePlatformSupportModulesInManaged (5ms)
				SetLoadedEditorAssemblies (0ms)
				RefreshPlugins (1ms)
				BeforeProcessingInitializeOnLoad (45ms)
				ProcessInitializeOnLoadAttributes (166ms)
				ProcessInitializeOnLoadMethodAttributes (10ms)
				AfterProcessingInitializeOnLoad (2ms)
				EditorAssembliesLoaded (0ms)
			ExecutionOrderSort2 (0ms)
			AwakeInstancesAfterBackupRestoration (7ms)
Platform modules already initialized, skipping
Refreshing native plugins compatible for Editor in 0.51 ms, found 3 plugins.
Preloading 0 native plugins for Editor in 0.00 ms.
Unloading 2171 Unused Serialized files (Serialized files now loaded: 0)
System memory in use before: 97.8 MB.
System memory in use after: 97.9 MB.

Unloading 17 unused Assets to reduce memory usage. Loaded Objects now: 2647.
Total: 3.700100 ms (FindLiveObjects: 0.509400 ms CreateObjectMapping: 0.139500 ms MarkObjects: 3.026700 ms  DeleteObjects: 0.023100 ms)

AssetImportParameters requested are different than current active one (requested -> active):
  custom:framework-win-MediaFoundation: 216162199b28c13a410421893ffa2e32 -> 
  custom:video-decoder-ogg-theora: a1e56fd34408186e4bbccfd4996cb3dc -> 
  custom:container-muxer-webm: aa71ff27fc2769a1b78a27578f13a17b -> 
  custom:container-demuxer-webm: 4f35f7cbe854078d1ac9338744f61a02 -> 
  custom:container-demuxer-ogg: 62fdf1f143b41e24485cea50d1cbac27 -> 
  custom:video-encoder-webm-vp8: eb34c28f22e8b96e1ab97ce403110664 -> 
  custom:video-codec-MediaFoundation-h265: 746d11721c4dcdbdad8f713fa42b33f4 -> 
  custom:video-decoder-webm-vp8: 9c59270c3fd7afecdb556c50c9e8de78 -> 
  custom:audio-decoder-ogg-vorbis: bf7c407c2cedff20999df2af8eb42d56 -> 
  custom:audio-encoder-webm-vorbis: bf7c407c2cedff20999df2af8eb42d56 -> 
========================================================================
Received Import Request.
  Time since last request: 2472.908749 seconds.
  path: Assets/Asset/Asset/Lompat
  artifactKey: Guid(31c01fa6a2ad5ac4abe9ecc29d52287f) Importer(815301076,1909f56bfc062723c751e8b465ee728b)
Start importing Assets/Asset/Asset/Lompat using Guid(31c01fa6a2ad5ac4abe9ecc29d52287f) Importer(815301076,1909f56bfc062723c751e8b465ee728b)  -> (artifact id: '3da6fc6e77cb9de97c10b85c35fdd2eb') in 0.014627 seconds 
  Import took 0.017913 seconds .

AssetImportWorkerClient::OnTransportError - code=2 error=End of file
